[debug] [2026-05-04T10:54:19.663Z] ----------------------------------------------------------------------
[debug] [2026-05-04T10:54:19.669Z] Command:       C:\Program Files\nodejs\node.exe C:\Users\ronne\AppData\Roaming\npm\node_modules\firebase-tools\lib\bin\firebase.js init
[debug] [2026-05-04T10:54:19.670Z] CLI Version:   15.16.0
[debug] [2026-05-04T10:54:19.670Z] Platform:      win32
[debug] [2026-05-04T10:54:19.670Z] Node Version:  v24.15.0
[debug] [2026-05-04T10:54:19.670Z] Time:          Mon May 04 2026 13:54:19 GMT+0300 (East Africa Time)
[debug] [2026-05-04T10:54:19.671Z] ----------------------------------------------------------------------
[debug] 
[info] 
     ######## #### ########  ######## ########     ###     ######  ########
     ##        ##  ##     ## ##       ##     ##  ##   ##  ##       ##
     ######    ##  ########  ######   ########  #########  ######  ######
     ##        ##  ##    ##  ##       ##     ## ##     ##       ## ##
     ##       #### ##     ## ######## ########  ##     ##  ######  ########

You're about to initialize a Firebase project in this directory:

  C:\Users\ronne\Downloads\good-vibes

[info] 
=== Project Setup
[info] 
[info] First, let's associate this project directory with a Firebase project.
[info] You can create multiple project aliases by running firebase use --add, 
[info] 
[debug] [2026-05-04T10:54:55.947Z] > command requires scopes: ["email","openid","https://www.googleapis.com/auth/cloudplatformprojects.readonly","https://www.googleapis.com/auth/firebase","https://www.googleapis.com/auth/cloud-platform"]
[debug] [2026-05-04T10:54:55.948Z] > authorizing via signed-in user (ronnexofficial76@gmail.com)
[debug] [2026-05-04T10:54:55.951Z] Checked if tokens are valid: true, expires at: 1777895454135
[debug] [2026-05-04T10:54:55.951Z] Checked if tokens are valid: true, expires at: 1777895454135
[debug] [2026-05-04T10:54:55.953Z] >>> [apiv2][query] GET https://firebase.googleapis.com/v1beta1/projects pageSize=100
[debug] [2026-05-04T10:54:57.138Z] <<< [apiv2][status] GET https://firebase.googleapis.com/v1beta1/projects 200
[debug] [2026-05-04T10:54:57.138Z] <<< [apiv2][body] GET https://firebase.googleapis.com/v1beta1/projects [omitted]
[info] 
=== Hosting Setup
[debug] [2026-05-04T10:55:02.215Z] Error: Cannot find module 'vite'
Require stack:
- C:\Users\ronne\AppData\Roaming\npm\node_modules\firebase-tools\lib\frameworks\utils.js
- C:\Users\ronne\AppData\Roaming\npm\node_modules\firebase-tools\lib\frameworks\index.js
- C:\Users\ronne\AppData\Roaming\npm\node_modules\firebase-tools\lib\init\features\hosting\index.js
- C:\Users\ronne\AppData\Roaming\npm\node_modules\firebase-tools\lib\init\features\index.js
- C:\Users\ronne\AppData\Roaming\npm\node_modules\firebase-tools\lib\init\index.js
- C:\Users\ronne\AppData\Roaming\npm\node_modules\firebase-tools\lib\commands\init.js
- C:\Users\ronne\AppData\Roaming\npm\node_modules\firebase-tools\lib\commands\index.js
- C:\Users\ronne\AppData\Roaming\npm\node_modules\firebase-tools\lib\index.js
- C:\Users\ronne\AppData\Roaming\npm\node_modules\firebase-tools\lib\bin\cli.js
- C:\Users\ronne\AppData\Roaming\npm\node_modules\firebase-tools\lib\bin\firebase.js
    at Module._resolveFilename (node:internal/modules/cjs/loader:1476:15)
    at wrapResolveFilename (node:internal/modules/cjs/loader:1049:27)
    at resolveForCJSWithHooks (node:internal/modules/cjs/loader:1094:12)
    at require.resolve (node:internal/modules/helpers:171:31)
    at relativeRequire (C:\Users\ronne\AppData\Roaming\npm\node_modules\firebase-tools\lib\frameworks\utils.js:210:34)
    at getConfig (C:\Users\ronne\AppData\Roaming\npm\node_modules\firebase-tools\lib\frameworks\vite\index.js:112:65)
    at discover (C:\Users\ronne\AppData\Roaming\npm\node_modules\firebase-tools\lib\frameworks\vite\index.js:65:68)
    at async C:\Users\ronne\AppData\Roaming\npm\node_modules\firebase-tools\lib\frameworks\vite\index.js:44:55
    at async discover (C:\Users\ronne\AppData\Roaming\npm\node_modules\firebase-tools\lib\frameworks\index.js:50:32)
    at async Object.askQuestions (C:\Users\ronne\AppData\Roaming\npm\node_modules\firebase-tools\lib\init\features\hosting\index.js:23:33)
[error] 
[error] Error: An unexpected error has occurred.
